<?xml version="1.0" encoding="UTF-8"?>
<testng-results ignored="0" total="1" passed="1" failed="0" skipped="0">
  <reporter-output>
  </reporter-output>
  <suite started-at="2021-07-14T10:30:45 PDT" name="Default suite" finished-at="2021-07-14T10:31:11 PDT" duration-ms="26064">
    <groups>
      <group name="cucumber">
        <method signature="AbstractTestNGCucumberTests.feature(cucumber.api.testng.CucumberFeatureWrapper)[pri:0, instance:testRunnerSix.TesstRunnerr@49dc7102]" name="feature" class="cucumber.api.testng.AbstractTestNGCucumberTests"/>
      </group> <!-- cucumber -->
    </groups>
    <test started-at="2021-07-14T10:30:45 PDT" name="Default test" finished-at="2021-07-14T10:31:11 PDT" duration-ms="26064">
      <class name="testRunnerSix.TesstRunnerr">
        <test-method is-config="true" signature="setUpClass()[pri:0, instance:testRunnerSix.TesstRunnerr@49dc7102]" started-at="2021-07-14T10:30:45 PDT" name="setUpClass" finished-at="2021-07-14T10:30:45 PDT" duration-ms="378" status="PASS">
          <reporter-output>
          </reporter-output>
        </test-method> <!-- setUpClass -->
        <test-method signature="feature(cucumber.api.testng.CucumberFeatureWrapper)[pri:0, instance:testRunnerSix.TesstRunnerr@49dc7102]" started-at="2021-07-14T10:30:45 PDT" name="feature" description="Runs Cucumber Feature" data-provider="features" finished-at="2021-07-14T10:31:11 PDT" duration-ms="25304" status="PASS">
          <params>
            <param index="0">
              <value>
                <![CDATA[Look for home using multiple windows]]>
              </value>
            </param>
          </params>
          <reporter-output>
          </reporter-output>
        </test-method> <!-- feature -->
        <test-method is-config="true" signature="tearDownClass()[pri:0, instance:testRunnerSix.TesstRunnerr@49dc7102]" started-at="2021-07-14T10:31:11 PDT" name="tearDownClass" finished-at="2021-07-14T10:31:11 PDT" duration-ms="39" status="PASS">
          <reporter-output>
          </reporter-output>
        </test-method> <!-- tearDownClass -->
      </class> <!-- testRunnerSix.TesstRunnerr -->
    </test> <!-- Default test -->
  </suite> <!-- Default suite -->
</testng-results>
